<?xml version="1.0" encoding="UTF-8"?>
<testsuite name="com.example.homepc.restauranteatitapp.ExampleUnitTest" tests="3" skipped="0" failures="0" errors="0" timestamp="2020-05-02T22:56:59" hostname="DESKTOP-16FI0JO" time="3.092">
  <properties/>
  <testcase name="mainActivity_shouldNotBeNull" classname="com.example.homepc.restauranteatitapp.ExampleUnitTest" time="2.899"/>
  <testcase name="tearDown" classname="com.example.homepc.restauranteatitapp.ExampleUnitTest" time="0.191"/>
  <testcase name="addition_isCorrect" classname="com.example.homepc.restauranteatitapp.ExampleUnitTest" time="0.0"/>
  <system-out><![CDATA[Done with testing
]]></system-out>
  <system-err><![CDATA[]]></system-err>
</testsuite>
